2020-12-23 11:53:28.728 - INFO - 5795 - azureml.train.automl._azureautomlclient.modify_run_configuration:199 - Package azureml-train-automl missing from dependencies file.
2020-12-23 11:53:28.729 - INFO - 5795 - azureml.train.automl._azureautomlclient.modify_run_configuration:205 - Using pinned version: azureml-train-automl==1.19.0.*
2020-12-23 11:53:28.729 - INFO - 5795 - azureml.train.automl._azureautomlclient.modify_run_configuration:199 - Package pandas missing from dependencies file.
2020-12-23 11:53:28.730 - INFO - 5795 - azureml.train.automl._azureautomlclient.modify_run_configuration:205 - Using pinned version: pandas==0.25.1
2020-12-23 11:53:28.731 - INFO - 5795 - azureml.train.automl._azureautomlclient.modify_run_configuration:199 - Package psutil missing from dependencies file.
2020-12-23 11:53:28.731 - INFO - 5795 - azureml.train.automl._azureautomlclient.modify_run_configuration:205 - Using pinned version: psutil>5.0.0,<6.0.0
2020-12-23 11:53:28.735 - INFO - 5795 - azureml.train.automl._azureautomlclient.modify_run_configuration:199 - Package scikit-learn missing from dependencies file.
2020-12-23 11:53:28.735 - INFO - 5795 - azureml.train.automl._azureautomlclient.modify_run_configuration:205 - Using pinned version: scikit-learn==0.22.1
2020-12-23 11:53:28.736 - INFO - 5795 - azureml.train.automl._azureautomlclient.modify_run_configuration:199 - Package numpy missing from dependencies file.
2020-12-23 11:53:28.736 - INFO - 5795 - azureml.train.automl._azureautomlclient.modify_run_configuration:205 - Using pinned version: numpy~=1.18.0
2020-12-23 11:53:28.736 - INFO - 5795 - azureml.train.automl._azureautomlclient.modify_run_configuration:199 - Package py-xgboost missing from dependencies file.
2020-12-23 11:53:28.737 - INFO - 5795 - azureml.train.automl._azureautomlclient.modify_run_configuration:205 - Using pinned version: py-xgboost<=0.90
2020-12-23 11:53:28.737 - INFO - 5795 - azureml.train.automl._azureautomlclient.modify_run_configuration:199 - Package inference-schema missing from dependencies file.
2020-12-23 11:53:28.738 - INFO - 5795 - azureml.train.automl._azureautomlclient.modify_run_configuration:199 - Package fbprophet missing from dependencies file.
2020-12-23 11:53:28.738 - INFO - 5795 - azureml.train.automl._azureautomlclient.modify_run_configuration:205 - Using pinned version: fbprophet==0.5
2020-12-23 11:53:28.738 - INFO - 5795 - azureml.train.automl._azureautomlclient.modify_run_configuration:199 - Package setuptools-git missing from dependencies file.
2020-12-23 11:53:28.738 - INFO - 5795 - azureml.train.automl._azureautomlclient.modify_run_configuration:209 - Using installed version: setuptools-git==1.2
2020-12-23 11:53:28.753 - INFO - 5795 - azureml.train.automl._azureautomlclient._validate_input:663 - Start data validation.
2020-12-23 11:53:32.688 - INFO - 5795 - azureml.train.automl._azureautomlclient._validate_input:676 - Validation service found the data has no errors.
2020-12-23 11:53:32.689 - INFO - 5795 - azureml.train.automl._azureautomlclient._create_parent_run_for_remote:541 - Start creating parent run.
2020-12-23 11:53:33.680 - INFO - 5795 - azureml.train.automl._azureautomlclient._create_parent_run_for_remote:561 - [ParentRunID:AutoML_ca1bb16d-c06d-4819-ae8d-115c7c9bfc08] Remote run using input X and y.
2020-12-23 11:53:34.040 - INFO - 5795 - azureml.train.automl._azureautomlclient._create_parent_run_for_remote:574 - Parent Run ID: AutoML_ca1bb16d-c06d-4819-ae8d-115c7c9bfc08
2020-12-23 11:53:34.041 - INFO - 5795 - azureml.train.automl._azureautomlclient._fit_remote_core:502 - Starting a snapshot run (snapshot_id : None)
